<?xml version="1.0" encoding="UTF-8"?>
<!-- Generated by org.testng.reporters.JUnitReportReporter -->
<testsuite hostname="DESKTOP-0V34456" failures="0" tests="1" name="com.invicta.qa.testcases.Testt" time="179.534" errors="0" timestamp="23 Feb 2023 10:50:59 GMT" skipped="0">
  <testcase classname="com.invicta.qa.testcases.Testt" name="EmployeeImport" time="179.534"/>
</testsuite> <!-- com.invicta.qa.testcases.Testt -->
